<?xml version="1.0" encoding="UTF-8"?>
<testsuite name="com.creatorhub.community.service.ArticleServiceTest" tests="9" skipped="0" failures="0" errors="0" timestamp="2024-11-27T14:55:25" hostname="DESKTOP-DR9TCJN" time="0.237">
  <properties/>
  <testcase name="게시글의 카테고리를 변경할 수 있다." classname="com.creatorhub.community.service.ArticleServiceTest" time="0.188"/>
  <testcase name="게시글 제목을 업데이트할 수 있다." classname="com.creatorhub.community.service.ArticleServiceTest" time="0.01"/>
  <testcase name="게시글의 게시판을 변경할 수 있다." classname="com.creatorhub.community.service.ArticleServiceTest" time="0.004"/>
  <testcase name="엔티티 아이디로 게시글 엔티티를 찾아 반환할 수 있다." classname="com.creatorhub.community.service.ArticleServiceTest" time="0.003"/>
  <testcase name="게시글을 삭제할 수 있다." classname="com.creatorhub.community.service.ArticleServiceTest" time="0.012"/>
  <testcase name="게시글 내용을 업데이트할 수 있다." classname="com.creatorhub.community.service.ArticleServiceTest" time="0.003"/>
  <testcase name="게시판 ID로 게시글 목록을 페이징하여 조회할 수 있다" classname="com.creatorhub.community.service.ArticleServiceTest" time="0.005"/>
  <testcase name="게시글 엔티티 Article을 생성할 수 있다." classname="com.creatorhub.community.service.ArticleServiceTest" time="0.003"/>
  <testcase name="존재하지 않는 게시판 ID로 게시글 목록을 조회할 경우 빈 페이지를 반환한다" classname="com.creatorhub.community.service.ArticleServiceTest" time="0.002"/>
  <system-out><![CDATA[]]></system-out>
  <system-err><![CDATA[]]></system-err>
</testsuite>
