<?xml version="1.0" encoding="UTF-8"?>
<testsuite name="com.creatorhub.presentation.resource.controller.ResourceControllerTest" tests="1" skipped="0" failures="0" errors="0" timestamp="2024-11-27T14:55:29" hostname="DESKTOP-DR9TCJN" time="0.282">
  <properties/>
  <testcase name="createResource_Success()" classname="com.creatorhub.presentation.resource.controller.ResourceControllerTest" time="0.282"/>
  <system-out><![CDATA[23:55:26.378 [Test worker] INFO org.springframework.test.context.support.AnnotationConfigContextLoaderUtils -- Could not detect default configuration classes for test class [com.creatorhub.presentation.resource.controller.ResourceControllerTest]: ResourceControllerTest does not declare any static, non-private, non-final, nested classes annotated with @Configuration.
23:55:26.646 [Test worker] INFO org.springframework.boot.test.context.SpringBootTestContextBootstrapper -- Found @SpringBootConfiguration com.creatorhub.CreatorHubApplication for test class com.creatorhub.presentation.resource.controller.ResourceControllerTest

  .   ____          _            __ _ _
 /\\ / ___'_ __ _ _(_)_ __  __ _ \ \ \ \
( ( )\___ | '_ | '_| | '_ \/ _` | \ \ \ \
 \\/  ___)| |_)| | | | | || (_| |  ) ) ) )
  '  |____| .__|_| |_|_| |_\__, | / / / /
 =========|_|==============|___/=/_/_/_/
 :: Spring Boot ::                (v3.2.2)

2024-11-27T23:55:27.519+09:00  INFO 5024 --- [    Test worker] c.c.p.r.c.ResourceControllerTest         : Starting ResourceControllerTest using Java 17.0.5 with PID 5024 (started by LJY in C:\Users\LJY\Desktop\project\BE)
2024-11-27T23:55:27.521+09:00 DEBUG 5024 --- [    Test worker] c.c.p.r.c.ResourceControllerTest         : Running with Spring Boot v3.2.2, Spring v6.1.3
2024-11-27T23:55:27.521+09:00  INFO 5024 --- [    Test worker] c.c.p.r.c.ResourceControllerTest         : The following 1 profile is active: "local"
2024-11-27T23:55:29.503+09:00  WARN 5024 --- [    Test worker] .s.s.UserDetailsServiceAutoConfiguration : 

Using generated security password: 081af3bc-31a7-4769-b1ea-630e0cb5d27e

This generated password is for development use only. Your security configuration must be updated before running your application in production.

2024-11-27T23:55:29.747+09:00  INFO 5024 --- [    Test worker] o.s.s.web.DefaultSecurityFilterChain     : Will secure any request with [org.springframework.security.web.session.DisableEncodeUrlFilter@5d515e2c, org.springframework.security.web.context.request.async.WebAsyncManagerIntegrationFilter@53b8a0f7, org.springframework.security.web.context.SecurityContextHolderFilter@af96ac9, org.springframework.security.web.header.HeaderWriterFilter@278150a1, org.springframework.web.filter.CorsFilter@4d3a7f83, org.springframework.security.web.csrf.CsrfFilter@248b2091, org.springframework.security.web.authentication.logout.LogoutFilter@55821edf, org.springframework.security.web.authentication.UsernamePasswordAuthenticationFilter@5036a286, org.springframework.security.web.authentication.ui.DefaultLoginPageGeneratingFilter@759b05d1, org.springframework.security.web.authentication.ui.DefaultLogoutPageGeneratingFilter@3ea1729e, org.springframework.security.web.authentication.www.BasicAuthenticationFilter@2a349a73, org.springframework.security.web.savedrequest.RequestCacheAwareFilter@21948bd1, org.springframework.security.web.servletapi.SecurityContextHolderAwareRequestFilter@22617270, org.springframework.security.web.authentication.AnonymousAuthenticationFilter@6956eb58, org.springframework.security.web.access.ExceptionTranslationFilter@6f740044, org.springframework.security.web.access.intercept.AuthorizationFilter@72e1e587]
2024-11-27T23:55:29.831+09:00  INFO 5024 --- [    Test worker] o.s.b.t.m.w.SpringBootMockServletContext : Initializing Spring TestDispatcherServlet ''
2024-11-27T23:55:29.832+09:00  INFO 5024 --- [    Test worker] o.s.t.web.servlet.TestDispatcherServlet  : Initializing Servlet ''
2024-11-27T23:55:29.834+09:00  INFO 5024 --- [    Test worker] o.s.t.web.servlet.TestDispatcherServlet  : Completed initialization in 2 ms
2024-11-27T23:55:29.875+09:00  INFO 5024 --- [    Test worker] c.c.p.r.c.ResourceControllerTest         : Started ResourceControllerTest in 3.078 seconds (process running for 8.179)
]]></system-out>
  <system-err><![CDATA[]]></system-err>
</testsuite>
