<?xml version="1.0" encoding="UTF-8"?>
<testsuite name="com.creatorhub.community.service.CategoryServiceTest" tests="5" skipped="0" failures="0" errors="0" timestamp="2024-11-27T14:55:25" hostname="DESKTOP-DR9TCJN" time="0.073">
  <properties/>
  <testcase name="게시글의 카테고리 엔터티 Category를 생성할 수 있다." classname="com.creatorhub.community.service.CategoryServiceTest" time="0.057"/>
  <testcase name="카테고리 이름을 삭제할 수 있다." classname="com.creatorhub.community.service.CategoryServiceTest" time="0.003"/>
  <testcase name="카테고리의 이름을 업데이트할 수 있다." classname="com.creatorhub.community.service.CategoryServiceTest" time="0.004"/>
  <testcase name="잘못된 아이디로 엔티티를 찾으려하면 NoSuchElementException을 반환한다" classname="com.creatorhub.community.service.CategoryServiceTest" time="0.003"/>
  <testcase name="엔티티의 아이디로 카테고리 엔티티를 찾아 반환할 수 있다." classname="com.creatorhub.community.service.CategoryServiceTest" time="0.002"/>
  <system-out><![CDATA[]]></system-out>
  <system-err><![CDATA[]]></system-err>
</testsuite>
