<?xml version="1.0" encoding="UTF-8"?>
<testsuite name="com.creatorhub.community.service.CommentServiceTest" tests="6" skipped="0" failures="0" errors="0" timestamp="2024-11-27T14:55:25" hostname="DESKTOP-DR9TCJN" time="0.145">
  <properties/>
  <testcase name="댓글을 삭제할 수 있다." classname="com.creatorhub.community.service.CommentServiceTest" time="0.094"/>
  <testcase name="댓글 목록을 페이징하여 조회할 수 있다." classname="com.creatorhub.community.service.CommentServiceTest" time="0.008"/>
  <testcase name="댓글 엔티티 Comment를 생성할 수 있다." classname="com.creatorhub.community.service.CommentServiceTest" time="0.032"/>
  <testcase name="댓글을 업데이트할 수 있다." classname="com.creatorhub.community.service.CommentServiceTest" time="0.002"/>
  <testcase name="존재하지 않는 댓글 아이디로 조회할 경우 NoSuchElementException을 발생시킨다." classname="com.creatorhub.community.service.CommentServiceTest" time="0.003"/>
  <testcase name="엔티티 아이디로 댓글 엔티티를 찾아 반환할 수 있다." classname="com.creatorhub.community.service.CommentServiceTest" time="0.002"/>
  <system-out><![CDATA[]]></system-out>
  <system-err><![CDATA[]]></system-err>
</testsuite>
