<?xml version="1.0" encoding="UTF-8"?>
<testsuite name="com.creatorhub.application.resource.service.ResourceServiceTest" tests="4" skipped="0" failures="0" errors="0" timestamp="2024-11-27T14:55:22" hostname="DESKTOP-DR9TCJN" time="2.391">
  <properties/>
  <testcase name="createResource_Success()" classname="com.creatorhub.application.resource.service.ResourceServiceTest" time="2.249"/>
  <testcase name="getResource_Success()" classname="com.creatorhub.application.resource.service.ResourceServiceTest" time="0.011"/>
  <testcase name="getAllResources_Success()" classname="com.creatorhub.application.resource.service.ResourceServiceTest" time="0.099"/>
  <testcase name="getResource_NotFound_ThrowsException()" classname="com.creatorhub.application.resource.service.ResourceServiceTest" time="0.019"/>
  <system-out><![CDATA[]]></system-out>
  <system-err><![CDATA[]]></system-err>
</testsuite>
